<?xml version="1.0" encoding="UTF-8"?>
<coverage generated="1566177943235" clover="3.2.0">
  <project timestamp="1566177943236" name="All files">
    <metrics statements="45" coveredstatements="45" conditionals="29" coveredconditionals="28" methods="11" coveredmethods="11" elements="85" coveredelements="84" complexity="0" loc="45" ncloc="45" packages="1" files="2" classes="2"/>
    <file name="barrowDevApi.ts" path="C:\Users\ashle\Documents\Development\drageniix.github.io\client\src\utilities\barrowDevApi.ts">
      <metrics statements="10" coveredstatements="10" conditionals="7" coveredconditionals="6" methods="4" coveredmethods="4"/>
      <line num="2" count="1" type="cond" truecount="3" falsecount="0"/>
      <line num="3" count="1" type="cond" truecount="3" falsecount="1"/>
      <line num="5" count="1" type="stmt"/>
      <line num="6" count="1" type="stmt"/>
      <line num="7" count="1" type="stmt"/>
      <line num="9" count="1" type="stmt"/>
      <line num="11" count="1" type="stmt"/>
      <line num="12" count="1" type="stmt"/>
      <line num="14" count="1" type="stmt"/>
      <line num="16" count="1" type="stmt"/>
    </file>
    <file name="baseAPI.ts" path="C:\Users\ashle\Documents\Development\drageniix.github.io\client\src\utilities\baseAPI.ts">
      <metrics statements="35" coveredstatements="35" conditionals="22" coveredconditionals="22" methods="7" coveredmethods="7"/>
      <line num="1" count="2" type="stmt"/>
      <line num="7" count="5" type="cond" truecount="2" falsecount="0"/>
      <line num="11" count="3" type="stmt"/>
      <line num="12" count="3" type="stmt"/>
      <line num="15" count="6" type="cond" truecount="2" falsecount="0"/>
      <line num="16" count="12" type="cond" truecount="2" falsecount="0"/>
      <line num="17" count="12" type="cond" truecount="2" falsecount="0"/>
      <line num="18" count="12" type="cond" truecount="2" falsecount="0"/>
      <line num="19" count="6" type="stmt"/>
      <line num="26" count="6" type="stmt"/>
      <line num="27" count="5" type="stmt"/>
      <line num="28" count="4" type="stmt"/>
      <line num="29" count="3" type="stmt"/>
      <line num="32" count="2" type="stmt"/>
      <line num="33" count="6" type="cond" truecount="2" falsecount="0"/>
      <line num="34" count="1" type="stmt"/>
      <line num="37" count="5" type="stmt"/>
      <line num="38" count="5" type="stmt"/>
      <line num="41" count="2" type="stmt"/>
      <line num="45" count="5" type="cond" truecount="4" falsecount="0"/>
      <line num="46" count="1" type="stmt"/>
      <line num="49" count="4" type="stmt"/>
      <line num="50" count="4" type="stmt"/>
      <line num="53" count="2" type="stmt"/>
      <line num="58" count="5" type="stmt"/>
      <line num="63" count="5" type="stmt"/>
      <line num="64" count="4" type="cond" truecount="2" falsecount="0"/>
      <line num="66" count="4" type="stmt"/>
      <line num="69" count="2" type="stmt"/>
      <line num="70" count="3" type="stmt"/>
      <line num="71" count="3" type="stmt"/>
      <line num="72" count="3" type="cond" truecount="4" falsecount="0"/>
      <line num="73" count="2" type="stmt"/>
      <line num="74" count="1" type="stmt"/>
      <line num="76" count="2" type="stmt"/>
    </file>
  </project>
</coverage>
