{"C:\\Users\\ashle\\Documents\\Development\\drageniix.github.io\\client\\src\\utilities\\barrowDevApi.ts": {"path":"C:\\Users\\ashle\\Documents\\Development\\drageniix.github.io\\client\\src\\utilities\\barrowDevApi.ts","statementMap":{"0":{"start":{"line":2,"column":22},"end":{"line":4,"column":1}},"1":{"start":{"line":3,"column":4},"end":{"line":3,"column":62}},"2":{"start":{"line":5,"column":0},"end":{"line":5,"column":62}},"3":{"start":{"line":6,"column":16},"end":{"line":6,"column":53}},"4":{"start":{"line":7,"column":34},"end":{"line":15,"column":3}},"5":{"start":{"line":9,"column":8},"end":{"line":9,"column":73}},"6":{"start":{"line":11,"column":4},"end":{"line":13,"column":6}},"7":{"start":{"line":12,"column":8},"end":{"line":12,"column":63}},"8":{"start":{"line":14,"column":4},"end":{"line":14,"column":24}},"9":{"start":{"line":16,"column":0},"end":{"line":16,"column":37}}},"fnMap":{"0":{"name":"(anonymous_0)","decl":{"start":{"line":2,"column":56},"end":{"line":2,"column":57}},"loc":{"start":{"line":2,"column":71},"end":{"line":4,"column":1}},"line":2},"1":{"name":"(anonymous_1)","decl":{"start":{"line":7,"column":34},"end":{"line":7,"column":35}},"loc":{"start":{"line":7,"column":46},"end":{"line":15,"column":1}},"line":7},"2":{"name":"BarrowDevApi","decl":{"start":{"line":8,"column":13},"end":{"line":8,"column":25}},"loc":{"start":{"line":8,"column":28},"end":{"line":10,"column":5}},"line":8},"3":{"name":"(anonymous_3)","decl":{"start":{"line":11,"column":37},"end":{"line":11,"column":38}},"loc":{"start":{"line":11,"column":49},"end":{"line":13,"column":5}},"line":11}},"branchMap":{"0":{"loc":{"start":{"line":2,"column":22},"end":{"line":4,"column":1}},"type":"binary-expr","locations":[{"start":{"line":2,"column":23},"end":{"line":2,"column":27}},{"start":{"line":2,"column":31},"end":{"line":2,"column":51}},{"start":{"line":2,"column":56},"end":{"line":4,"column":1}}],"line":2},"1":{"loc":{"start":{"line":3,"column":11},"end":{"line":3,"column":61}},"type":"cond-expr","locations":[{"start":{"line":3,"column":37},"end":{"line":3,"column":40}},{"start":{"line":3,"column":43},"end":{"line":3,"column":61}}],"line":3},"2":{"loc":{"start":{"line":3,"column":12},"end":{"line":3,"column":33}},"type":"binary-expr","locations":[{"start":{"line":3,"column":12},"end":{"line":3,"column":15}},{"start":{"line":3,"column":19},"end":{"line":3,"column":33}}],"line":3}},"s":{"0":1,"1":1,"2":1,"3":1,"4":1,"5":1,"6":1,"7":1,"8":1,"9":1},"f":{"0":1,"1":1,"2":1,"3":1},"b":{"0":[1,1,1],"1":[1,0],"2":[1,1]},"_coverageSchema":"43e27e138ebf9cfc5966b082cf9a028302ed4184","hash":"2860ccf83d35b05e5fdbbd723ad4b617a88fedf6"}
,"C:\\Users\\ashle\\Documents\\Development\\drageniix.github.io\\client\\src\\utilities\\baseAPI.ts": {"path":"C:\\Users\\ashle\\Documents\\Development\\drageniix.github.io\\client\\src\\utilities\\baseAPI.ts","statementMap":{"0":{"start":{"line":1,"column":0},"end":{"line":1,"column":null}},"1":{"start":{"line":7,"column":8},"end":{"line":9,"column":null}},"2":{"start":{"line":11,"column":8},"end":{"line":11,"column":31}},"3":{"start":{"line":12,"column":8},"end":{"line":12,"column":38}},"4":{"start":{"line":15,"column":10},"end":{"line":30,"column":null}},"5":{"start":{"line":15,"column":22},"end":{"line":15,"column":null}},"6":{"start":{"line":16,"column":8},"end":{"line":16,"column":22}},"7":{"start":{"line":17,"column":8},"end":{"line":17,"column":22}},"8":{"start":{"line":18,"column":8},"end":{"line":18,"column":20}},"9":{"start":{"line":19,"column":8},"end":{"line":19,"column":12}},"10":{"start":{"line":26,"column":14},"end":{"line":26,"column":46}},"11":{"start":{"line":27,"column":14},"end":{"line":27,"column":66}},"12":{"start":{"line":28,"column":25},"end":{"line":28,"column":null}},"13":{"start":{"line":28,"column":14},"end":{"line":28,"column":null}},"14":{"start":{"line":29,"column":8},"end":{"line":29,"column":45}},"15":{"start":{"line":32,"column":4},"end":{"line":39,"column":null}},"16":{"start":{"line":33,"column":8},"end":{"line":35,"column":null}},"17":{"start":{"line":34,"column":12},"end":{"line":34,"column":64}},"18":{"start":{"line":37,"column":20},"end":{"line":37,"column":43}},"19":{"start":{"line":38,"column":8},"end":{"line":38,"column":19}},"20":{"start":{"line":41,"column":4},"end":{"line":51,"column":null}},"21":{"start":{"line":45,"column":8},"end":{"line":47,"column":null}},"22":{"start":{"line":46,"column":12},"end":{"line":46,"column":68}},"23":{"start":{"line":49,"column":27},"end":{"line":49,"column":47}},"24":{"start":{"line":50,"column":8},"end":{"line":50,"column":26}},"25":{"start":{"line":53,"column":4},"end":{"line":67,"column":null}},"26":{"start":{"line":58,"column":37},"end":{"line":61,"column":10}},"27":{"start":{"line":63,"column":27},"end":{"line":63,"column":53}},"28":{"start":{"line":64,"column":8},"end":{"line":64,"column":50}},"29":{"start":{"line":66,"column":8},"end":{"line":66,"column":23}},"30":{"start":{"line":69,"column":10},"end":{"line":75,"column":null}},"31":{"start":{"line":70,"column":14},"end":{"line":70,"column":43}},"32":{"start":{"line":71,"column":29},"end":{"line":71,"column":null}},"33":{"start":{"line":71,"column":14},"end":{"line":71,"column":null}},"34":{"start":{"line":72,"column":8},"end":{"line":74,"column":53}},"35":{"start":{"line":73,"column":12},"end":{"line":73,"column":32}},"36":{"start":{"line":74,"column":15},"end":{"line":74,"column":53}},"37":{"start":{"line":76,"column":0},"end":{"line":76,"column":null}}},"fnMap":{"0":{"name":"(anonymous_14)","decl":{"start":{"line":1,"column":0},"end":{"line":1,"column":null}},"loc":{"start":{"line":1,"column":0},"end":{"line":76,"column":null}}},"1":{"name":"BaseClientAPI","decl":{"start":{"line":5,"column":4},"end":{"line":5,"column":null}},"loc":{"start":{"line":9,"column":9},"end":{"line":13,"column":5}}},"2":{"name":"(anonymous_16)","decl":{"start":{"line":15,"column":4},"end":{"line":15,"column":10}},"loc":{"start":{"line":25,"column":10},"end":{"line":30,"column":null}}},"3":{"name":"(anonymous_19)","decl":{"start":{"line":32,"column":4},"end":{"line":32,"column":14}},"loc":{"start":{"line":32,"column":31},"end":{"line":39,"column":5}}},"4":{"name":"(anonymous_20)","decl":{"start":{"line":41,"column":4},"end":{"line":41,"column":11}},"loc":{"start":{"line":43,"column":21},"end":{"line":51,"column":5}}},"5":{"name":"(anonymous_21)","decl":{"start":{"line":53,"column":4},"end":{"line":53,"column":17}},"loc":{"start":{"line":56,"column":21},"end":{"line":67,"column":5}}},"6":{"name":"(anonymous_22)","decl":{"start":{"line":69,"column":4},"end":{"line":69,"column":10}},"loc":{"start":{"line":69,"column":43},"end":{"line":75,"column":null}}}},"branchMap":{"0":{"loc":{"start":{"line":7,"column":8},"end":{"line":9,"column":null}},"type":"if","locations":[{"start":{"line":7,"column":8},"end":{"line":9,"column":null}},{"start":{"line":7,"column":8},"end":{"line":9,"column":null}}]},"1":{"loc":{"start":{"line":15,"column":22},"end":{"line":15,"column":null}},"type":"cond-expr","locations":[{"start":{"line":15,"column":22},"end":{"line":15,"column":null}},{"start":{"line":15,"column":22},"end":{"line":15,"column":null}}]},"2":{"loc":{"start":{"line":16,"column":8},"end":{"line":16,"column":22}},"type":"cond-expr","locations":[{"start":{"line":16,"column":8},"end":{"line":16,"column":22}},{"start":{"line":16,"column":8},"end":{"line":16,"column":22}}]},"3":{"loc":{"start":{"line":17,"column":8},"end":{"line":17,"column":22}},"type":"cond-expr","locations":[{"start":{"line":17,"column":8},"end":{"line":17,"column":22}},{"start":{"line":17,"column":8},"end":{"line":17,"column":22}}]},"4":{"loc":{"start":{"line":18,"column":8},"end":{"line":18,"column":20}},"type":"cond-expr","locations":[{"start":{"line":18,"column":8},"end":{"line":18,"column":20}},{"start":{"line":18,"column":8},"end":{"line":18,"column":20}}]},"5":{"loc":{"start":{"line":33,"column":8},"end":{"line":35,"column":null}},"type":"if","locations":[{"start":{"line":33,"column":8},"end":{"line":35,"column":null}},{"start":{"line":33,"column":8},"end":{"line":35,"column":null}}]},"6":{"loc":{"start":{"line":45,"column":8},"end":{"line":47,"column":null}},"type":"if","locations":[{"start":{"line":45,"column":8},"end":{"line":47,"column":null}},{"start":{"line":45,"column":8},"end":{"line":47,"column":null}}]},"7":{"loc":{"start":{"line":45,"column":12},"end":{"line":45,"column":16}},"type":"binary-expr","locations":[{"start":{"line":45,"column":12},"end":{"line":45,"column":16}},{"start":{"line":45,"column":20},"end":{"line":45,"column":36}}]},"8":{"loc":{"start":{"line":64,"column":8},"end":{"line":64,"column":18}},"type":"binary-expr","locations":[{"start":{"line":64,"column":8},"end":{"line":64,"column":18}},{"start":{"line":64,"column":23},"end":{"line":64,"column":48}}]},"9":{"loc":{"start":{"line":72,"column":8},"end":{"line":74,"column":53}},"type":"if","locations":[{"start":{"line":72,"column":8},"end":{"line":74,"column":53}},{"start":{"line":72,"column":8},"end":{"line":74,"column":53}}]},"10":{"loc":{"start":{"line":72,"column":12},"end":{"line":72,"column":30}},"type":"binary-expr","locations":[{"start":{"line":72,"column":12},"end":{"line":72,"column":30}},{"start":{"line":72,"column":34},"end":{"line":72,"column":52}}]}},"s":{"0":2,"1":5,"2":3,"3":3,"4":2,"5":6,"6":12,"7":12,"8":12,"9":6,"10":6,"11":5,"12":4,"13":4,"14":3,"15":2,"16":6,"17":1,"18":5,"19":5,"20":2,"21":5,"22":1,"23":4,"24":4,"25":2,"26":5,"27":5,"28":4,"29":4,"30":2,"31":3,"32":3,"33":3,"34":3,"35":2,"36":1,"37":2},"f":{"0":2,"1":3,"2":6,"3":6,"4":5,"5":5,"6":3},"b":{"0":[2,1],"1":[3,3],"2":[4,2],"3":[5,1],"4":[5,1],"5":[1,5],"6":[1,4],"7":[5,2],"8":[4,1],"9":[2,1],"10":[3,1]}}
}
