{"C:\\Users\\ashle\\Documents\\Development\\drageniix.github.io\\client\\src\\app.tsx": {"path":"C:\\Users\\ashle\\Documents\\Development\\drageniix.github.io\\client\\src\\app.tsx","statementMap":{"0":{"start":{"line":1,"column":0},"end":{"line":1,"column":26}},"1":{"start":{"line":4,"column":13},"end":{"line":4,"column":61}},"2":{"start":{"line":4,"column":38},"end":{"line":4,"column":61}}},"fnMap":{"0":{"name":"(anonymous_1)","decl":{"start":{"line":4,"column":19},"end":{"line":4,"column":38}},"loc":{"start":{"line":4,"column":19},"end":{"line":4,"column":60}}}},"branchMap":{},"s":{"0":1,"1":1,"2":1},"f":{"0":1},"b":{}}
}
