TN:
SF:C:\Users\ashle\Documents\Development\drageniix.github.io\client\src\utilities\barrowDevApi.ts
FN:2,(anonymous_0)
FN:7,(anonymous_1)
FN:8,BarrowDevApi
FN:11,(anonymous_3)
FNF:4
FNH:4
FNDA:1,(anonymous_0)
FNDA:1,(anonymous_1)
FNDA:1,BarrowDevApi
FNDA:1,(anonymous_3)
DA:2,1
DA:3,1
DA:5,1
DA:6,1
DA:7,1
DA:9,1
DA:11,1
DA:12,1
DA:14,1
DA:16,1
LF:10
LH:10
BRDA:2,0,0,1
BRDA:2,0,1,1
BRDA:2,0,2,1
BRDA:3,1,0,1
BRDA:3,1,1,0
BRDA:3,2,0,1
BRDA:3,2,1,1
BRF:7
BRH:6
end_of_record
TN:
SF:C:\Users\ashle\Documents\Development\drageniix.github.io\client\src\utilities\baseAPI.ts
FN:1,(anonymous_14)
FN:5,BaseClientAPI
FN:15,(anonymous_16)
FN:32,(anonymous_19)
FN:41,(anonymous_20)
FN:53,(anonymous_21)
FN:69,(anonymous_22)
FNF:7
FNH:7
FNDA:2,(anonymous_14)
FNDA:3,BaseClientAPI
FNDA:6,(anonymous_16)
FNDA:6,(anonymous_19)
FNDA:5,(anonymous_20)
FNDA:5,(anonymous_21)
FNDA:3,(anonymous_22)
DA:1,2
DA:7,5
DA:11,3
DA:12,3
DA:15,6
DA:16,12
DA:17,12
DA:18,12
DA:19,6
DA:26,6
DA:27,5
DA:28,4
DA:29,3
DA:32,2
DA:33,6
DA:34,1
DA:37,5
DA:38,5
DA:41,2
DA:45,5
DA:46,1
DA:49,4
DA:50,4
DA:53,2
DA:58,5
DA:63,5
DA:64,4
DA:66,4
DA:69,2
DA:70,3
DA:71,3
DA:72,3
DA:73,2
DA:74,1
DA:76,2
LF:35
LH:35
BRDA:7,0,0,2
BRDA:7,0,1,1
BRDA:15,1,0,3
BRDA:15,1,1,3
BRDA:16,2,0,4
BRDA:16,2,1,2
BRDA:17,3,0,5
BRDA:17,3,1,1
BRDA:18,4,0,5
BRDA:18,4,1,1
BRDA:33,5,0,1
BRDA:33,5,1,5
BRDA:45,6,0,1
BRDA:45,6,1,4
BRDA:45,7,0,5
BRDA:45,7,1,2
BRDA:64,8,0,4
BRDA:64,8,1,1
BRDA:72,9,0,2
BRDA:72,9,1,1
BRDA:72,10,0,3
BRDA:72,10,1,1
BRF:22
BRH:22
end_of_record
